<?xml version="1.0" encoding="UTF-8"?>
<testsuite name="com.baeldung.security.RedirectionSecurityIntegrationTest" tests="3" skipped="0" failures="0" errors="0" timestamp="2020-10-20T14:32:21" hostname="milyaevn-orbix" time="0.081">
  <properties/>
  <testcase name="givenSecuredResource_whenAccessUnauthenticated_thenRequiresAuthentication" classname="com.baeldung.security.RedirectionSecurityIntegrationTest" time="0.044"/>
  <testcase name="givenCredentials_whenAccessSecuredResource_thenSuccess" classname="com.baeldung.security.RedirectionSecurityIntegrationTest" time="0.021"/>
  <testcase name="givenAccessSecuredResource_whenAuthenticated_thenRedirectedBack" classname="com.baeldung.security.RedirectionSecurityIntegrationTest" time="0.015"/>
  <system-out><![CDATA[accessing secured resource
accessing secured resource
]]></system-out>
  <system-err><![CDATA[]]></system-err>
</testsuite>
