<?xml version="1.0" encoding="UTF-8"?>
<testsuite name="com.baeldung.security.FormLoginUnitTest" tests="2" skipped="0" failures="0" errors="0" timestamp="2020-10-20T14:32:20" hostname="milyaevn-orbix" time="0.356">
  <properties/>
  <testcase name="givenValidRequestWithValidCredentials_shouldLoginSuccessfully" classname="com.baeldung.security.FormLoginUnitTest" time="0.273"/>
  <testcase name="givenValidRequestWithInvalidCredentials_shouldFailWith401" classname="com.baeldung.security.FormLoginUnitTest" time="0.083"/>
  <system-out><![CDATA[]]></system-out>
  <system-err><![CDATA[]]></system-err>
</testsuite>
