<?xml version="1.0" encoding="UTF-8"?>
<testsuite name="com.baeldung.SpringContextTest" tests="1" skipped="0" failures="0" errors="0" timestamp="2020-10-20T14:32:20" hostname="milyaevn-orbix" time="0.009">
  <properties/>
  <testcase name="whenSpringContextIsBootstrapped_thenNoExceptions" classname="com.baeldung.SpringContextTest" time="0.009"/>
  <system-out><![CDATA[]]></system-out>
  <system-err><![CDATA[]]></system-err>
</testsuite>
